<?xml version="1.0" encoding="UTF-8"?>
<!-- Generated by org.testng.reporters.JUnitReportReporter -->
<testsuite hostname="STDEV035" failures="0" tests="3" name="com.crossjourney.testcases.LoginPageTest" time="34.290" errors="0" timestamp="30 Mar 2023 07:36:23 GMT" skipped="0">
  <testcase classname="com.crossjourney.testcases.LoginPageTest" name="testIcon" time="11.104"/>
  <testcase classname="com.crossjourney.testcases.LoginPageTest" name="verifyLoginLabel" time="12.111"/>
  <testcase classname="com.crossjourney.testcases.LoginPageTest" name="verifyPageTitle" time="11.075"/>
</testsuite> <!-- com.crossjourney.testcases.LoginPageTest -->
