<?xml version="1.0" encoding="UTF-8"?>
<!-- Generated by org.testng.reporters.JUnitReportReporter -->
<testsuite hostname="STDEV035" failures="0" tests="3" name="com.crossjourney.testcases.HomePageTest" time="0.681" errors="0" timestamp="30 Mar 2023 07:38:29 GMT" skipped="0">
  <testcase classname="com.crossjourney.testcases.HomePageTest" name="verifyHomePageLabel" time="0.118"/>
  <testcase classname="com.crossjourney.testcases.HomePageTest" name="verifySettingIconOnHomePage" time="0.123"/>
  <testcase classname="com.crossjourney.testcases.HomePageTest" name="VerifyOptionPresentUnderUserIcon" time="0.440"/>
</testsuite> <!-- com.crossjourney.testcases.HomePageTest -->
